  Graph.cpp
C:\Users\bogda\source\repos\GUIS\GUI\Graph.cpp(61,26): warning C4244: '=': conversion from '_Ty1' to 'int', possible loss of data
          with
          [
              _Ty1=double
          ]
C:\Users\bogda\source\repos\GUIS\GUI\Graph.cpp(62,26): warning C4244: '=': conversion from '_Ty1' to 'int', possible loss of data
          with
          [
              _Ty1=double
          ]
C:\Users\bogda\source\repos\GUIS\GUI\Graph.cpp(252,31): warning C4244: 'argument': conversion from 'double' to 'int', possible loss of data
C:\Users\bogda\source\repos\GUIS\GUI\Graph.cpp(255,31): warning C4244: 'argument': conversion from 'double' to 'int', possible loss of data
C:\Users\bogda\source\repos\GUIS\GUI\Graph.cpp(254,20): warning C4244: 'argument': conversion from 'double' to 'int', possible loss of data
C:\Users\bogda\source\repos\GUIS\GUI\Graph.cpp(257,20): warning C4244: 'argument': conversion from 'double' to 'int', possible loss of data
C:\Users\bogda\source\repos\GUIS\GUI\Graph.cpp(266,31): warning C4244: 'argument': conversion from 'double' to 'int', possible loss of data
C:\Users\bogda\source\repos\GUIS\GUI\Graph.cpp(269,31): warning C4244: 'argument': conversion from 'double' to 'int', possible loss of data
C:\Users\bogda\source\repos\GUIS\GUI\Graph.cpp(268,20): warning C4244: 'argument': conversion from 'double' to 'int', possible loss of data
C:\Users\bogda\source\repos\GUIS\GUI\Graph.cpp(272,14): warning C4244: 'argument': conversion from 'double' to 'int', possible loss of data
C:\Users\bogda\source\repos\GUIS\GUI\Graph.cpp(271,20): warning C4244: 'argument': conversion from 'double' to 'int', possible loss of data
C:\Users\bogda\source\repos\GUIS\GUI\Graph.cpp(283,78): warning C4244: 'argument': conversion from 'double' to 'int', possible loss of data
C:\Users\bogda\source\repos\GUIS\GUI\Graph.cpp(283,21): warning C4244: 'argument': conversion from 'double' to 'int', possible loss of data
C:\Users\bogda\source\repos\GUIS\GUI\Graph.cpp(285,21): warning C4244: 'argument': conversion from 'double' to 'int', possible loss of data
C:\Users\bogda\source\repos\GUIS\GUI\Graph.cpp(297,82): warning C4244: 'argument': conversion from 'double' to 'int', possible loss of data
C:\Users\bogda\source\repos\GUIS\GUI\Graph.cpp(297,21): warning C4244: 'argument': conversion from 'double' to 'int', possible loss of data
C:\Users\bogda\source\repos\GUIS\GUI\Graph.cpp(299,21): warning C4244: 'argument': conversion from 'double' to 'int', possible loss of data
  GUI.cpp
C:\Users\bogda\source\repos\GUIS\GUI\Graph.h(104,1): warning C4018: '<': signed/unsigned mismatch
C:\Users\bogda\source\repos\GUIS\GUI\Graph.h(104): message : while compiling class template member function 'Graph_lib::Vector_ref<Graph_lib::Button>::~Vector_ref(void)'
C:\Users\bogda\source\repos\GUIS\GUI\GUI.cpp(57): message : see reference to function template instantiation 'Graph_lib::Vector_ref<Graph_lib::Button>::~Vector_ref(void)' being compiled
C:\Users\bogda\source\repos\GUIS\GUI\GUI.h(95): message : see reference to class template instantiation 'Graph_lib::Vector_ref<Graph_lib::Button>' being compiled
  Main.cpp
  Window.cpp
C:\Users\bogda\source\repos\GUIS\GUI\Window.cpp(59,17): warning C4018: '<': signed/unsigned mismatch
C:\Users\bogda\source\repos\GUIS\GUI\Window.cpp(61,15): warning C4018: '<': signed/unsigned mismatch
  Generating Code...
fltkd.lib(case.obj) : warning LNK4099: PDB 'fltk.pdb' was not found with 'fltkd.lib(case.obj)' or at 'C:\Users\bogda\source\repos\GUIS\Debug\fltk.pdb'; linking object as if no debug info
fltkd.lib(filename_list.obj) : warning LNK4099: PDB 'fltk.pdb' was not found with 'fltkd.lib(filename_list.obj)' or at 'C:\Users\bogda\source\repos\GUIS\Debug\fltk.pdb'; linking object as if no debug info
fltkd.lib(filename_match.obj) : warning LNK4099: PDB 'fltk.pdb' was not found with 'fltkd.lib(filename_match.obj)' or at 'C:\Users\bogda\source\repos\GUIS\Debug\fltk.pdb'; linking object as if no debug info
fltkd.lib(Fl.obj) : warning LNK4099: PDB 'fltk.pdb' was not found with 'fltkd.lib(Fl.obj)' or at 'C:\Users\bogda\source\repos\GUIS\Debug\fltk.pdb'; linking object as if no debug info
fltkd.lib(Fl_abort.obj) : warning LNK4099: PDB 'fltk.pdb' was not found with 'fltkd.lib(Fl_abort.obj)' or at 'C:\Users\bogda\source\repos\GUIS\Debug\fltk.pdb'; linking object as if no debug info
fltkd.lib(fl_arc.obj) : warning LNK4099: PDB 'fltk.pdb' was not found with 'fltkd.lib(fl_arc.obj)' or at 'C:\Users\bogda\source\repos\GUIS\Debug\fltk.pdb'; linking object as if no debug info
fltkd.lib(fl_arci.obj) : warning LNK4099: PDB 'fltk.pdb' was not found with 'fltkd.lib(fl_arci.obj)' or at 'C:\Users\bogda\source\repos\GUIS\Debug\fltk.pdb'; linking object as if no debug info
fltkd.lib(fl_ask.obj) : warning LNK4099: PDB 'fltk.pdb' was not found with 'fltkd.lib(fl_ask.obj)' or at 'C:\Users\bogda\source\repos\GUIS\Debug\fltk.pdb'; linking object as if no debug info
fltkd.lib(Fl_Bitmap.obj) : warning LNK4099: PDB 'fltk.pdb' was not found with 'fltkd.lib(Fl_Bitmap.obj)' or at 'C:\Users\bogda\source\repos\GUIS\Debug\fltk.pdb'; linking object as if no debug info
fltkd.lib(Fl_Box.obj) : warning LNK4099: PDB 'fltk.pdb' was not found with 'fltkd.lib(Fl_Box.obj)' or at 'C:\Users\bogda\source\repos\GUIS\Debug\fltk.pdb'; linking object as if no debug info
fltkd.lib(fl_boxtype.obj) : warning LNK4099: PDB 'fltk.pdb' was not found with 'fltkd.lib(fl_boxtype.obj)' or at 'C:\Users\bogda\source\repos\GUIS\Debug\fltk.pdb'; linking object as if no debug info
fltkd.lib(Fl_Button.obj) : warning LNK4099: PDB 'fltk.pdb' was not found with 'fltkd.lib(Fl_Button.obj)' or at 'C:\Users\bogda\source\repos\GUIS\Debug\fltk.pdb'; linking object as if no debug info
fltkd.lib(fl_color.obj) : warning LNK4099: PDB 'fltk.pdb' was not found with 'fltkd.lib(fl_color.obj)' or at 'C:\Users\bogda\source\repos\GUIS\Debug\fltk.pdb'; linking object as if no debug info
fltkd.lib(Fl_compose.obj) : warning LNK4099: PDB 'fltk.pdb' was not found with 'fltkd.lib(Fl_compose.obj)' or at 'C:\Users\bogda\source\repos\GUIS\Debug\fltk.pdb'; linking object as if no debug info
fltkd.lib(fl_cursor.obj) : warning LNK4099: PDB 'fltk.pdb' was not found with 'fltkd.lib(fl_cursor.obj)' or at 'C:\Users\bogda\source\repos\GUIS\Debug\fltk.pdb'; linking object as if no debug info
fltkd.lib(fl_curve.obj) : warning LNK4099: PDB 'fltk.pdb' was not found with 'fltkd.lib(fl_curve.obj)' or at 'C:\Users\bogda\source\repos\GUIS\Debug\fltk.pdb'; linking object as if no debug info
fltkd.lib(Fl_Device.obj) : warning LNK4099: PDB 'fltk.pdb' was not found with 'fltkd.lib(Fl_Device.obj)' or at 'C:\Users\bogda\source\repos\GUIS\Debug\fltk.pdb'; linking object as if no debug info
fltkd.lib(fl_dnd.obj) : warning LNK4099: PDB 'fltk.pdb' was not found with 'fltkd.lib(fl_dnd.obj)' or at 'C:\Users\bogda\source\repos\GUIS\Debug\fltk.pdb'; linking object as if no debug info
fltkd.lib(Fl_Double_Window.obj) : warning LNK4099: PDB 'fltk.pdb' was not found with 'fltkd.lib(Fl_Double_Window.obj)' or at 'C:\Users\bogda\source\repos\GUIS\Debug\fltk.pdb'; linking object as if no debug info
fltkd.lib(fl_draw.obj) : warning LNK4099: PDB 'fltk.pdb' was not found with 'fltkd.lib(fl_draw.obj)' or at 'C:\Users\bogda\source\repos\GUIS\Debug\fltk.pdb'; linking object as if no debug info
fltkd.lib(fl_draw_image.obj) : warning LNK4099: PDB 'fltk.pdb' was not found with 'fltkd.lib(fl_draw_image.obj)' or at 'C:\Users\bogda\source\repos\GUIS\Debug\fltk.pdb'; linking object as if no debug info
fltkd.lib(fl_draw_pixmap.obj) : warning LNK4099: PDB 'fltk.pdb' was not found with 'fltkd.lib(fl_draw_pixmap.obj)' or at 'C:\Users\bogda\source\repos\GUIS\Debug\fltk.pdb'; linking object as if no debug info
fltkd.lib(fl_font.obj) : warning LNK4099: PDB 'fltk.pdb' was not found with 'fltkd.lib(fl_font.obj)' or at 'C:\Users\bogda\source\repos\GUIS\Debug\fltk.pdb'; linking object as if no debug info
fltkd.lib(Fl_get_system_colors.obj) : warning LNK4099: PDB 'fltk.pdb' was not found with 'fltkd.lib(Fl_get_system_colors.obj)' or at 'C:\Users\bogda\source\repos\GUIS\Debug\fltk.pdb'; linking object as if no debug info
fltkd.lib(Fl_grab.obj) : warning LNK4099: PDB 'fltk.pdb' was not found with 'fltkd.lib(Fl_grab.obj)' or at 'C:\Users\bogda\source\repos\GUIS\Debug\fltk.pdb'; linking object as if no debug info
fltkd.lib(Fl_Group.obj) : warning LNK4099: PDB 'fltk.pdb' was not found with 'fltkd.lib(Fl_Group.obj)' or at 'C:\Users\bogda\source\repos\GUIS\Debug\fltk.pdb'; linking object as if no debug info
fltkd.lib(fl_gtk.obj) : warning LNK4099: PDB 'fltk.pdb' was not found with 'fltkd.lib(fl_gtk.obj)' or at 'C:\Users\bogda\source\repos\GUIS\Debug\fltk.pdb'; linking object as if no debug info
fltkd.lib(fl_gleam.obj) : warning LNK4099: PDB 'fltk.pdb' was not found with 'fltkd.lib(fl_gleam.obj)' or at 'C:\Users\bogda\source\repos\GUIS\Debug\fltk.pdb'; linking object as if no debug info
fltkd.lib(Fl_Image.obj) : warning LNK4099: PDB 'fltk.pdb' was not found with 'fltkd.lib(Fl_Image.obj)' or at 'C:\Users\bogda\source\repos\GUIS\Debug\fltk.pdb'; linking object as if no debug info
fltkd.lib(Fl_Input.obj) : warning LNK4099: PDB 'fltk.pdb' was not found with 'fltkd.lib(Fl_Input.obj)' or at 'C:\Users\bogda\source\repos\GUIS\Debug\fltk.pdb'; linking object as if no debug info
fltkd.lib(Fl_Input_.obj) : warning LNK4099: PDB 'fltk.pdb' was not found with 'fltkd.lib(Fl_Input_.obj)' or at 'C:\Users\bogda\source\repos\GUIS\Debug\fltk.pdb'; linking object as if no debug info
fltkd.lib(fl_labeltype.obj) : warning LNK4099: PDB 'fltk.pdb' was not found with 'fltkd.lib(fl_labeltype.obj)' or at 'C:\Users\bogda\source\repos\GUIS\Debug\fltk.pdb'; linking object as if no debug info
fltkd.lib(fl_line_style.obj) : warning LNK4099: PDB 'fltk.pdb' was not found with 'fltkd.lib(fl_line_style.obj)' or at 'C:\Users\bogda\source\repos\GUIS\Debug\fltk.pdb'; linking object as if no debug info
fltkd.lib(Fl_lock.obj) : warning LNK4099: PDB 'fltk.pdb' was not found with 'fltkd.lib(Fl_lock.obj)' or at 'C:\Users\bogda\source\repos\GUIS\Debug\fltk.pdb'; linking object as if no debug info
fltkd.lib(Fl_Menu.obj) : warning LNK4099: PDB 'fltk.pdb' was not found with 'fltkd.lib(Fl_Menu.obj)' or at 'C:\Users\bogda\source\repos\GUIS\Debug\fltk.pdb'; linking object as if no debug info
fltkd.lib(Fl_Menu_.obj) : warning LNK4099: PDB 'fltk.pdb' was not found with 'fltkd.lib(Fl_Menu_.obj)' or at 'C:\Users\bogda\source\repos\GUIS\Debug\fltk.pdb'; linking object as if no debug info
fltkd.lib(Fl_Menu_add.obj) : warning LNK4099: PDB 'fltk.pdb' was not found with 'fltkd.lib(Fl_Menu_add.obj)' or at 'C:\Users\bogda\source\repos\GUIS\Debug\fltk.pdb'; linking object as if no debug info
fltkd.lib(Fl_Menu_Button.obj) : warning LNK4099: PDB 'fltk.pdb' was not found with 'fltkd.lib(Fl_Menu_Button.obj)' or at 'C:\Users\bogda\source\repos\GUIS\Debug\fltk.pdb'; linking object as if no debug info
fltkd.lib(Fl_Menu_Window.obj) : warning LNK4099: PDB 'fltk.pdb' was not found with 'fltkd.lib(Fl_Menu_Window.obj)' or at 'C:\Users\bogda\source\repos\GUIS\Debug\fltk.pdb'; linking object as if no debug info
fltkd.lib(Fl_Overlay_Window.obj) : warning LNK4099: PDB 'fltk.pdb' was not found with 'fltkd.lib(Fl_Overlay_Window.obj)' or at 'C:\Users\bogda\source\repos\GUIS\Debug\fltk.pdb'; linking object as if no debug info
fltkd.lib(Fl_Pixmap.obj) : warning LNK4099: PDB 'fltk.pdb' was not found with 'fltkd.lib(Fl_Pixmap.obj)' or at 'C:\Users\bogda\source\repos\GUIS\Debug\fltk.pdb'; linking object as if no debug info
fltkd.lib(fl_plastic.obj) : warning LNK4099: PDB 'fltk.pdb' was not found with 'fltkd.lib(fl_plastic.obj)' or at 'C:\Users\bogda\source\repos\GUIS\Debug\fltk.pdb'; linking object as if no debug info
fltkd.lib(Fl_Preferences.obj) : warning LNK4099: PDB 'fltk.pdb' was not found with 'fltkd.lib(Fl_Preferences.obj)' or at 'C:\Users\bogda\source\repos\GUIS\Debug\fltk.pdb'; linking object as if no debug info
fltkd.lib(fl_read_image.obj) : warning LNK4099: PDB 'fltk.pdb' was not found with 'fltkd.lib(fl_read_image.obj)' or at 'C:\Users\bogda\source\repos\GUIS\Debug\fltk.pdb'; linking object as if no debug info
fltkd.lib(fl_rect.obj) : warning LNK4099: PDB 'fltk.pdb' was not found with 'fltkd.lib(fl_rect.obj)' or at 'C:\Users\bogda\source\repos\GUIS\Debug\fltk.pdb'; linking object as if no debug info
fltkd.lib(Fl_Repeat_Button.obj) : warning LNK4099: PDB 'fltk.pdb' was not found with 'fltkd.lib(Fl_Repeat_Button.obj)' or at 'C:\Users\bogda\source\repos\GUIS\Debug\fltk.pdb'; linking object as if no debug info
fltkd.lib(Fl_Return_Button.obj) : warning LNK4099: PDB 'fltk.pdb' was not found with 'fltkd.lib(Fl_Return_Button.obj)' or at 'C:\Users\bogda\source\repos\GUIS\Debug\fltk.pdb'; linking object as if no debug info
fltkd.lib(fl_round_box.obj) : warning LNK4099: PDB 'fltk.pdb' was not found with 'fltkd.lib(fl_round_box.obj)' or at 'C:\Users\bogda\source\repos\GUIS\Debug\fltk.pdb'; linking object as if no debug info
fltkd.lib(Fl_Shared_Image.obj) : warning LNK4099: PDB 'fltk.pdb' was not found with 'fltkd.lib(Fl_Shared_Image.obj)' or at 'C:\Users\bogda\source\repos\GUIS\Debug\fltk.pdb'; linking object as if no debug info
fltkd.lib(fl_shortcut.obj) : warning LNK4099: PDB 'fltk.pdb' was not found with 'fltkd.lib(fl_shortcut.obj)' or at 'C:\Users\bogda\source\repos\GUIS\Debug\fltk.pdb'; linking object as if no debug info
fltkd.lib(Fl_Single_Window.obj) : warning LNK4099: PDB 'fltk.pdb' was not found with 'fltkd.lib(Fl_Single_Window.obj)' or at 'C:\Users\bogda\source\repos\GUIS\Debug\fltk.pdb'; linking object as if no debug info
fltkd.lib(fl_symbols.obj) : warning LNK4099: PDB 'fltk.pdb' was not found with 'fltkd.lib(fl_symbols.obj)' or at 'C:\Users\bogda\source\repos\GUIS\Debug\fltk.pdb'; linking object as if no debug info
fltkd.lib(Fl_Tiled_Image.obj) : warning LNK4099: PDB 'fltk.pdb' was not found with 'fltkd.lib(Fl_Tiled_Image.obj)' or at 'C:\Users\bogda\source\repos\GUIS\Debug\fltk.pdb'; linking object as if no debug info
fltkd.lib(Fl_Tooltip.obj) : warning LNK4099: PDB 'fltk.pdb' was not found with 'fltkd.lib(Fl_Tooltip.obj)' or at 'C:\Users\bogda\source\repos\GUIS\Debug\fltk.pdb'; linking object as if no debug info
fltkd.lib(fl_utf.obj) : warning LNK4099: PDB 'fltk.pdb' was not found with 'fltkd.lib(fl_utf.obj)' or at 'C:\Users\bogda\source\repos\GUIS\Debug\fltk.pdb'; linking object as if no debug info
fltkd.lib(fl_utf8.obj) : warning LNK4099: PDB 'fltk.pdb' was not found with 'fltkd.lib(fl_utf8.obj)' or at 'C:\Users\bogda\source\repos\GUIS\Debug\fltk.pdb'; linking object as if no debug info
fltkd.lib(fl_vertex.obj) : warning LNK4099: PDB 'fltk.pdb' was not found with 'fltkd.lib(fl_vertex.obj)' or at 'C:\Users\bogda\source\repos\GUIS\Debug\fltk.pdb'; linking object as if no debug info
fltkd.lib(Fl_Widget.obj) : warning LNK4099: PDB 'fltk.pdb' was not found with 'fltkd.lib(Fl_Widget.obj)' or at 'C:\Users\bogda\source\repos\GUIS\Debug\fltk.pdb'; linking object as if no debug info
fltkd.lib(Fl_Window.obj) : warning LNK4099: PDB 'fltk.pdb' was not found with 'fltkd.lib(Fl_Window.obj)' or at 'C:\Users\bogda\source\repos\GUIS\Debug\fltk.pdb'; linking object as if no debug info
fltkd.lib(Fl_Window_fullscreen.obj) : warning LNK4099: PDB 'fltk.pdb' was not found with 'fltkd.lib(Fl_Window_fullscreen.obj)' or at 'C:\Users\bogda\source\repos\GUIS\Debug\fltk.pdb'; linking object as if no debug info
fltkd.lib(Fl_Window_hotspot.obj) : warning LNK4099: PDB 'fltk.pdb' was not found with 'fltkd.lib(Fl_Window_hotspot.obj)' or at 'C:\Users\bogda\source\repos\GUIS\Debug\fltk.pdb'; linking object as if no debug info
fltkd.lib(Fl_Window_shape.obj) : warning LNK4099: PDB 'fltk.pdb' was not found with 'fltkd.lib(Fl_Window_shape.obj)' or at 'C:\Users\bogda\source\repos\GUIS\Debug\fltk.pdb'; linking object as if no debug info
fltkd.lib(Fl_XBM_Image.obj) : warning LNK4099: PDB 'fltk.pdb' was not found with 'fltkd.lib(Fl_XBM_Image.obj)' or at 'C:\Users\bogda\source\repos\GUIS\Debug\fltk.pdb'; linking object as if no debug info
fltkd.lib(Fl_XPM_Image.obj) : warning LNK4099: PDB 'fltk.pdb' was not found with 'fltkd.lib(Fl_XPM_Image.obj)' or at 'C:\Users\bogda\source\repos\GUIS\Debug\fltk.pdb'; linking object as if no debug info
fltkd.lib(flstring.obj) : warning LNK4099: PDB 'fltk.pdb' was not found with 'fltkd.lib(flstring.obj)' or at 'C:\Users\bogda\source\repos\GUIS\Debug\fltk.pdb'; linking object as if no debug info
fltkd.lib(is_spacing.obj) : warning LNK4099: PDB 'fltk.pdb' was not found with 'fltkd.lib(is_spacing.obj)' or at 'C:\Users\bogda\source\repos\GUIS\Debug\fltk.pdb'; linking object as if no debug info
fltkd.lib(numericsort.obj) : warning LNK4099: PDB 'fltk.pdb' was not found with 'fltkd.lib(numericsort.obj)' or at 'C:\Users\bogda\source\repos\GUIS\Debug\fltk.pdb'; linking object as if no debug info
fltkd.lib(scandir.obj) : warning LNK4099: PDB 'fltk.pdb' was not found with 'fltkd.lib(scandir.obj)' or at 'C:\Users\bogda\source\repos\GUIS\Debug\fltk.pdb'; linking object as if no debug info
fltkd.lib(screen_xywh.obj) : warning LNK4099: PDB 'fltk.pdb' was not found with 'fltkd.lib(screen_xywh.obj)' or at 'C:\Users\bogda\source\repos\GUIS\Debug\fltk.pdb'; linking object as if no debug info
fltkd.lib(vsnprintf.obj) : warning LNK4099: PDB 'fltk.pdb' was not found with 'fltkd.lib(vsnprintf.obj)' or at 'C:\Users\bogda\source\repos\GUIS\Debug\fltk.pdb'; linking object as if no debug info
fltkjpegd.lib(jcomapi.obj) : warning LNK4099: PDB 'fltkjpeg.pdb' was not found with 'fltkjpegd.lib(jcomapi.obj)' or at 'C:\Users\bogda\source\repos\GUIS\Debug\fltkjpeg.pdb'; linking object as if no debug info
fltkjpegd.lib(jaricom.obj) : warning LNK4099: PDB 'fltkjpeg.pdb' was not found with 'fltkjpegd.lib(jaricom.obj)' or at 'C:\Users\bogda\source\repos\GUIS\Debug\fltkjpeg.pdb'; linking object as if no debug info
fltkjpegd.lib(jdarith.obj) : warning LNK4099: PDB 'fltkjpeg.pdb' was not found with 'fltkjpegd.lib(jdarith.obj)' or at 'C:\Users\bogda\source\repos\GUIS\Debug\fltkjpeg.pdb'; linking object as if no debug info
fltkjpegd.lib(jdapimin.obj) : warning LNK4099: PDB 'fltkjpeg.pdb' was not found with 'fltkjpegd.lib(jdapimin.obj)' or at 'C:\Users\bogda\source\repos\GUIS\Debug\fltkjpeg.pdb'; linking object as if no debug info
fltkjpegd.lib(jdapistd.obj) : warning LNK4099: PDB 'fltkjpeg.pdb' was not found with 'fltkjpegd.lib(jdapistd.obj)' or at 'C:\Users\bogda\source\repos\GUIS\Debug\fltkjpeg.pdb'; linking object as if no debug info
fltkjpegd.lib(jdatasrc.obj) : warning LNK4099: PDB 'fltkjpeg.pdb' was not found with 'fltkjpegd.lib(jdatasrc.obj)' or at 'C:\Users\bogda\source\repos\GUIS\Debug\fltkjpeg.pdb'; linking object as if no debug info
fltkjpegd.lib(jdcoefct.obj) : warning LNK4099: PDB 'fltkjpeg.pdb' was not found with 'fltkjpegd.lib(jdcoefct.obj)' or at 'C:\Users\bogda\source\repos\GUIS\Debug\fltkjpeg.pdb'; linking object as if no debug info
fltkjpegd.lib(jdcolor.obj) : warning LNK4099: PDB 'fltkjpeg.pdb' was not found with 'fltkjpegd.lib(jdcolor.obj)' or at 'C:\Users\bogda\source\repos\GUIS\Debug\fltkjpeg.pdb'; linking object as if no debug info
fltkjpegd.lib(jddctmgr.obj) : warning LNK4099: PDB 'fltkjpeg.pdb' was not found with 'fltkjpegd.lib(jddctmgr.obj)' or at 'C:\Users\bogda\source\repos\GUIS\Debug\fltkjpeg.pdb'; linking object as if no debug info
fltkjpegd.lib(jdhuff.obj) : warning LNK4099: PDB 'fltkjpeg.pdb' was not found with 'fltkjpegd.lib(jdhuff.obj)' or at 'C:\Users\bogda\source\repos\GUIS\Debug\fltkjpeg.pdb'; linking object as if no debug info
fltkjpegd.lib(jdinput.obj) : warning LNK4099: PDB 'fltkjpeg.pdb' was not found with 'fltkjpegd.lib(jdinput.obj)' or at 'C:\Users\bogda\source\repos\GUIS\Debug\fltkjpeg.pdb'; linking object as if no debug info
fltkjpegd.lib(jdmainct.obj) : warning LNK4099: PDB 'fltkjpeg.pdb' was not found with 'fltkjpegd.lib(jdmainct.obj)' or at 'C:\Users\bogda\source\repos\GUIS\Debug\fltkjpeg.pdb'; linking object as if no debug info
fltkjpegd.lib(jdmarker.obj) : warning LNK4099: PDB 'fltkjpeg.pdb' was not found with 'fltkjpegd.lib(jdmarker.obj)' or at 'C:\Users\bogda\source\repos\GUIS\Debug\fltkjpeg.pdb'; linking object as if no debug info
fltkjpegd.lib(jdmaster.obj) : warning LNK4099: PDB 'fltkjpeg.pdb' was not found with 'fltkjpegd.lib(jdmaster.obj)' or at 'C:\Users\bogda\source\repos\GUIS\Debug\fltkjpeg.pdb'; linking object as if no debug info
fltkjpegd.lib(jdmerge.obj) : warning LNK4099: PDB 'fltkjpeg.pdb' was not found with 'fltkjpegd.lib(jdmerge.obj)' or at 'C:\Users\bogda\source\repos\GUIS\Debug\fltkjpeg.pdb'; linking object as if no debug info
fltkjpegd.lib(jdpostct.obj) : warning LNK4099: PDB 'fltkjpeg.pdb' was not found with 'fltkjpegd.lib(jdpostct.obj)' or at 'C:\Users\bogda\source\repos\GUIS\Debug\fltkjpeg.pdb'; linking object as if no debug info
fltkjpegd.lib(jdsample.obj) : warning LNK4099: PDB 'fltkjpeg.pdb' was not found with 'fltkjpegd.lib(jdsample.obj)' or at 'C:\Users\bogda\source\repos\GUIS\Debug\fltkjpeg.pdb'; linking object as if no debug info
fltkjpegd.lib(jerror.obj) : warning LNK4099: PDB 'fltkjpeg.pdb' was not found with 'fltkjpegd.lib(jerror.obj)' or at 'C:\Users\bogda\source\repos\GUIS\Debug\fltkjpeg.pdb'; linking object as if no debug info
fltkjpegd.lib(jidctflt.obj) : warning LNK4099: PDB 'fltkjpeg.pdb' was not found with 'fltkjpegd.lib(jidctflt.obj)' or at 'C:\Users\bogda\source\repos\GUIS\Debug\fltkjpeg.pdb'; linking object as if no debug info
fltkjpegd.lib(jidctfst.obj) : warning LNK4099: PDB 'fltkjpeg.pdb' was not found with 'fltkjpegd.lib(jidctfst.obj)' or at 'C:\Users\bogda\source\repos\GUIS\Debug\fltkjpeg.pdb'; linking object as if no debug info
fltkjpegd.lib(jidctint.obj) : warning LNK4099: PDB 'fltkjpeg.pdb' was not found with 'fltkjpegd.lib(jidctint.obj)' or at 'C:\Users\bogda\source\repos\GUIS\Debug\fltkjpeg.pdb'; linking object as if no debug info
fltkjpegd.lib(jmemmgr.obj) : warning LNK4099: PDB 'fltkjpeg.pdb' was not found with 'fltkjpegd.lib(jmemmgr.obj)' or at 'C:\Users\bogda\source\repos\GUIS\Debug\fltkjpeg.pdb'; linking object as if no debug info
fltkjpegd.lib(jmemnobs.obj) : warning LNK4099: PDB 'fltkjpeg.pdb' was not found with 'fltkjpegd.lib(jmemnobs.obj)' or at 'C:\Users\bogda\source\repos\GUIS\Debug\fltkjpeg.pdb'; linking object as if no debug info
fltkjpegd.lib(jquant1.obj) : warning LNK4099: PDB 'fltkjpeg.pdb' was not found with 'fltkjpegd.lib(jquant1.obj)' or at 'C:\Users\bogda\source\repos\GUIS\Debug\fltkjpeg.pdb'; linking object as if no debug info
fltkjpegd.lib(jquant2.obj) : warning LNK4099: PDB 'fltkjpeg.pdb' was not found with 'fltkjpegd.lib(jquant2.obj)' or at 'C:\Users\bogda\source\repos\GUIS\Debug\fltkjpeg.pdb'; linking object as if no debug info
fltkjpegd.lib(jutils.obj) : warning LNK4099: PDB 'fltkjpeg.pdb' was not found with 'fltkjpegd.lib(jutils.obj)' or at 'C:\Users\bogda\source\repos\GUIS\Debug\fltkjpeg.pdb'; linking object as if no debug info
fltkimagesd.lib(Fl_GIF_Image.obj) : warning LNK4099: PDB 'fltkimages.pdb' was not found with 'fltkimagesd.lib(Fl_GIF_Image.obj)' or at 'C:\Users\bogda\source\repos\GUIS\Debug\fltkimages.pdb'; linking object as if no debug info
fltkimagesd.lib(Fl_JPEG_Image.obj) : warning LNK4099: PDB 'fltkimages.pdb' was not found with 'fltkimagesd.lib(Fl_JPEG_Image.obj)' or at 'C:\Users\bogda\source\repos\GUIS\Debug\fltkimages.pdb'; linking object as if no debug info
  GUI.vcxproj -> C:\Users\bogda\source\repos\GUIS\Debug\GUI.exe
